{"D:\\Facultate\\An 2\\sem 2\\MPP\\MPP-Backend\\server\\src\\app.ts": {"path":"D:\\Facultate\\An 2\\sem 2\\MPP\\MPP-Backend\\server\\src\\app.ts","statementMap":{"0":{"start":{"line":1,"column":0},"end":{"line":1,"column":30}},"1":{"start":{"line":2,"column":0},"end":{"line":2,"column":24}},"2":{"start":{"line":3,"column":0},"end":{"line":3,"column":54}},"3":{"start":{"line":5,"column":13},"end":{"line":5,"column":29}},"4":{"start":{"line":7,"column":0},"end":{"line":7,"column":16}},"5":{"start":{"line":9,"column":0},"end":{"line":9,"column":24}},"6":{"start":{"line":10,"column":0},"end":{"line":10,"column":32}},"7":{"start":{"line":12,"column":0},"end":{"line":12,"column":21}}},"fnMap":{},"branchMap":{},"s":{"0":1,"1":1,"2":1,"3":1,"4":1,"5":1,"6":1,"7":1},"f":{},"b":{}}
,"D:\\Facultate\\An 2\\sem 2\\MPP\\MPP-Backend\\server\\src\\db.ts": {"path":"D:\\Facultate\\An 2\\sem 2\\MPP\\MPP-Backend\\server\\src\\db.ts","statementMap":{"0":{"start":{"line":1,"column":0},"end":{"line":1,"column":30}},"1":{"start":{"line":3,"column":0},"end":{"line":3,"column":23}},"2":{"start":{"line":6,"column":15},"end":{"line":6,"column":54}},"3":{"start":{"line":9,"column":11},"end":{"line":15,"column":2}},"4":{"start":{"line":10,"column":4},"end":{"line":14,"column":5}},"5":{"start":{"line":11,"column":8},"end":{"line":11,"column":35}},"6":{"start":{"line":13,"column":8},"end":{"line":13,"column":57}},"7":{"start":{"line":18,"column":23},"end":{"line":25,"column":2}},"8":{"start":{"line":28,"column":30},"end":{"line":36,"column":2}},"9":{"start":{"line":39,"column":0},"end":{"line":45,"column":3}},"10":{"start":{"line":40,"column":4},"end":{"line":44,"column":5}},"11":{"start":{"line":41,"column":8},"end":{"line":41,"column":71}},"12":{"start":{"line":43,"column":8},"end":{"line":43,"column":62}},"13":{"start":{"line":48,"column":0},"end":{"line":54,"column":3}},"14":{"start":{"line":49,"column":4},"end":{"line":53,"column":5}},"15":{"start":{"line":50,"column":8},"end":{"line":50,"column":70}},"16":{"start":{"line":52,"column":8},"end":{"line":52,"column":61}},"17":{"start":{"line":56,"column":0},"end":{"line":56,"column":30}}},"fnMap":{"0":{"name":"(anonymous_1)","decl":{"start":{"line":9,"column":86},"end":{"line":9,"column":87}},"loc":{"start":{"line":9,"column":94},"end":{"line":15,"column":1}}},"1":{"name":"(anonymous_2)","decl":{"start":{"line":39,"column":23},"end":{"line":39,"column":24}},"loc":{"start":{"line":39,"column":31},"end":{"line":45,"column":1}}},"2":{"name":"(anonymous_3)","decl":{"start":{"line":48,"column":30},"end":{"line":48,"column":31}},"loc":{"start":{"line":48,"column":38},"end":{"line":54,"column":1}}}},"branchMap":{"0":{"loc":{"start":{"line":10,"column":4},"end":{"line":14,"column":5}},"type":"if","locations":[{"start":{"line":10,"column":4},"end":{"line":14,"column":5}},{"start":{"line":12,"column":11},"end":{"line":14,"column":5}}]},"1":{"loc":{"start":{"line":40,"column":4},"end":{"line":44,"column":5}},"type":"if","locations":[{"start":{"line":40,"column":4},"end":{"line":44,"column":5}},{"start":{"line":42,"column":11},"end":{"line":44,"column":5}}]},"2":{"loc":{"start":{"line":49,"column":4},"end":{"line":53,"column":5}},"type":"if","locations":[{"start":{"line":49,"column":4},"end":{"line":53,"column":5}},{"start":{"line":51,"column":11},"end":{"line":53,"column":5}}]}},"s":{"0":1,"1":1,"2":1,"3":1,"4":0,"5":0,"6":0,"7":1,"8":1,"9":1,"10":0,"11":0,"12":0,"13":1,"14":0,"15":0,"16":0,"17":1},"f":{"0":0,"1":0,"2":0},"b":{"0":[0,0],"1":[0,0],"2":[0,0]}}
,"D:\\Facultate\\An 2\\sem 2\\MPP\\MPP-Backend\\server\\src\\controller\\monitorsController.ts": {"path":"D:\\Facultate\\An 2\\sem 2\\MPP\\MPP-Backend\\server\\src\\controller\\monitorsController.ts","statementMap":{"0":{"start":{"line":2,"column":0},"end":{"line":2,"column":23}},"1":{"start":{"line":3,"column":0},"end":{"line":3,"column":43}},"2":{"start":{"line":7,"column":27},"end":{"line":15,"column":1}},"3":{"start":{"line":8,"column":4},"end":{"line":14,"column":7}},"4":{"start":{"line":9,"column":8},"end":{"line":12,"column":9}},"5":{"start":{"line":10,"column":12},"end":{"line":10,"column":59}},"6":{"start":{"line":11,"column":12},"end":{"line":11,"column":69}},"7":{"start":{"line":13,"column":8},"end":{"line":13,"column":23}},"8":{"start":{"line":7,"column":13},"end":{"line":7,"column":27}},"9":{"start":{"line":17,"column":30},"end":{"line":29,"column":2}},"10":{"start":{"line":17,"column":68},"end":{"line":29,"column":2}},"11":{"start":{"line":18,"column":15},"end":{"line":18,"column":28}},"12":{"start":{"line":19,"column":4},"end":{"line":28,"column":7}},"13":{"start":{"line":20,"column":8},"end":{"line":23,"column":9}},"14":{"start":{"line":21,"column":12},"end":{"line":21,"column":64}},"15":{"start":{"line":22,"column":12},"end":{"line":22,"column":69}},"16":{"start":{"line":24,"column":8},"end":{"line":26,"column":9}},"17":{"start":{"line":25,"column":12},"end":{"line":25,"column":61}},"18":{"start":{"line":27,"column":8},"end":{"line":27,"column":22}},"19":{"start":{"line":17,"column":13},"end":{"line":17,"column":30}},"20":{"start":{"line":31,"column":26},"end":{"line":42,"column":null}},"21":{"start":{"line":31,"column":64},"end":{"line":42,"column":null}},"22":{"start":{"line":32,"column":47},"end":{"line":32,"column":55}},"23":{"start":{"line":33,"column":4},"end":{"line":41,"column":7}},"24":{"start":{"line":34,"column":8},"end":{"line":37,"column":9}},"25":{"start":{"line":35,"column":12},"end":{"line":35,"column":56}},"26":{"start":{"line":36,"column":12},"end":{"line":36,"column":69}},"27":{"start":{"line":38,"column":29},"end":{"line":38,"column":40}},"28":{"start":{"line":39,"column":27},"end":{"line":39,"column":84}},"29":{"start":{"line":40,"column":8},"end":{"line":40,"column":48}},"30":{"start":{"line":31,"column":13},"end":{"line":31,"column":26}},"31":{"start":{"line":44,"column":29},"end":{"line":56,"column":null}},"32":{"start":{"line":44,"column":67},"end":{"line":56,"column":null}},"33":{"start":{"line":45,"column":15},"end":{"line":45,"column":28}},"34":{"start":{"line":46,"column":4},"end":{"line":55,"column":7}},"35":{"start":{"line":47,"column":8},"end":{"line":50,"column":9}},"36":{"start":{"line":48,"column":12},"end":{"line":48,"column":58}},"37":{"start":{"line":49,"column":12},"end":{"line":49,"column":69}},"38":{"start":{"line":51,"column":8},"end":{"line":53,"column":9}},"39":{"start":{"line":52,"column":12},"end":{"line":52,"column":61}},"40":{"start":{"line":54,"column":8},"end":{"line":54,"column":31}},"41":{"start":{"line":44,"column":13},"end":{"line":44,"column":29}},"42":{"start":{"line":58,"column":29},"end":{"line":71,"column":null}},"43":{"start":{"line":58,"column":67},"end":{"line":71,"column":null}},"44":{"start":{"line":59,"column":15},"end":{"line":59,"column":28}},"45":{"start":{"line":60,"column":47},"end":{"line":60,"column":55}},"46":{"start":{"line":61,"column":4},"end":{"line":70,"column":7}},"47":{"start":{"line":62,"column":8},"end":{"line":65,"column":9}},"48":{"start":{"line":63,"column":12},"end":{"line":63,"column":58}},"49":{"start":{"line":64,"column":12},"end":{"line":64,"column":69}},"50":{"start":{"line":66,"column":8},"end":{"line":68,"column":9}},"51":{"start":{"line":67,"column":12},"end":{"line":67,"column":61}},"52":{"start":{"line":69,"column":8},"end":{"line":69,"column":57}},"53":{"start":{"line":58,"column":13},"end":{"line":58,"column":29}}},"fnMap":{"0":{"name":"(anonymous_8)","decl":{"start":{"line":7,"column":27},"end":{"line":7,"column":28}},"loc":{"start":{"line":7,"column":59},"end":{"line":15,"column":1}}},"1":{"name":"(anonymous_9)","decl":{"start":{"line":8,"column":37},"end":{"line":8,"column":38}},"loc":{"start":{"line":8,"column":51},"end":{"line":14,"column":5}}},"2":{"name":"(anonymous_10)","decl":{"start":{"line":17,"column":30},"end":{"line":17,"column":37}},"loc":{"start":{"line":17,"column":68},"end":{"line":29,"column":2}}},"3":{"name":"(anonymous_11)","decl":{"start":{"line":17,"column":68},"end":{"line":17,"column":null}},"loc":{"start":{"line":17,"column":68},"end":{"line":29,"column":1}}},"4":{"name":"(anonymous_12)","decl":{"start":{"line":19,"column":56},"end":{"line":19,"column":57}},"loc":{"start":{"line":19,"column":69},"end":{"line":28,"column":5}}},"5":{"name":"(anonymous_13)","decl":{"start":{"line":31,"column":26},"end":{"line":31,"column":33}},"loc":{"start":{"line":31,"column":64},"end":{"line":42,"column":null}}},"6":{"name":"(anonymous_14)","decl":{"start":{"line":31,"column":64},"end":{"line":31,"column":null}},"loc":{"start":{"line":31,"column":64},"end":{"line":42,"column":1}}},"7":{"name":"(anonymous_15)","decl":{"start":{"line":33,"column":119},"end":{"line":33,"column":128}},"loc":{"start":{"line":33,"column":131},"end":{"line":41,"column":5}}},"8":{"name":"(anonymous_16)","decl":{"start":{"line":44,"column":29},"end":{"line":44,"column":36}},"loc":{"start":{"line":44,"column":67},"end":{"line":56,"column":null}}},"9":{"name":"(anonymous_17)","decl":{"start":{"line":44,"column":67},"end":{"line":44,"column":null}},"loc":{"start":{"line":44,"column":67},"end":{"line":56,"column":1}}},"10":{"name":"(anonymous_18)","decl":{"start":{"line":46,"column":54},"end":{"line":46,"column":63}},"loc":{"start":{"line":46,"column":66},"end":{"line":55,"column":5}}},"11":{"name":"(anonymous_19)","decl":{"start":{"line":58,"column":29},"end":{"line":58,"column":36}},"loc":{"start":{"line":58,"column":67},"end":{"line":71,"column":null}}},"12":{"name":"(anonymous_20)","decl":{"start":{"line":58,"column":67},"end":{"line":58,"column":null}},"loc":{"start":{"line":58,"column":67},"end":{"line":71,"column":1}}},"13":{"name":"(anonymous_21)","decl":{"start":{"line":61,"column":128},"end":{"line":61,"column":137}},"loc":{"start":{"line":61,"column":140},"end":{"line":70,"column":5}}}},"branchMap":{"0":{"loc":{"start":{"line":9,"column":8},"end":{"line":12,"column":9}},"type":"if","locations":[{"start":{"line":9,"column":8},"end":{"line":12,"column":9}}]},"1":{"loc":{"start":{"line":20,"column":8},"end":{"line":23,"column":9}},"type":"if","locations":[{"start":{"line":20,"column":8},"end":{"line":23,"column":9}}]},"2":{"loc":{"start":{"line":24,"column":8},"end":{"line":26,"column":9}},"type":"if","locations":[{"start":{"line":24,"column":8},"end":{"line":26,"column":9}}]},"3":{"loc":{"start":{"line":34,"column":8},"end":{"line":37,"column":9}},"type":"if","locations":[{"start":{"line":34,"column":8},"end":{"line":37,"column":9}}]},"4":{"loc":{"start":{"line":47,"column":8},"end":{"line":50,"column":9}},"type":"if","locations":[{"start":{"line":47,"column":8},"end":{"line":50,"column":9}}]},"5":{"loc":{"start":{"line":51,"column":8},"end":{"line":53,"column":9}},"type":"if","locations":[{"start":{"line":51,"column":8},"end":{"line":53,"column":9}}]},"6":{"loc":{"start":{"line":62,"column":8},"end":{"line":65,"column":9}},"type":"if","locations":[{"start":{"line":62,"column":8},"end":{"line":65,"column":9}}]},"7":{"loc":{"start":{"line":66,"column":8},"end":{"line":68,"column":9}},"type":"if","locations":[{"start":{"line":66,"column":8},"end":{"line":68,"column":9}}]}},"s":{"0":1,"1":1,"2":1,"3":0,"4":0,"5":0,"6":0,"7":0,"8":1,"9":1,"10":0,"11":0,"12":0,"13":0,"14":0,"15":0,"16":0,"17":0,"18":0,"19":1,"20":1,"21":0,"22":0,"23":0,"24":0,"25":0,"26":0,"27":0,"28":0,"29":0,"30":1,"31":1,"32":0,"33":0,"34":0,"35":0,"36":0,"37":0,"38":0,"39":0,"40":0,"41":1,"42":1,"43":0,"44":0,"45":0,"46":0,"47":0,"48":0,"49":0,"50":0,"51":0,"52":0,"53":1},"f":{"0":0,"1":0,"2":0,"3":0,"4":0,"5":0,"6":0,"7":0,"8":0,"9":0,"10":0,"11":0,"12":0,"13":0},"b":{"0":[0],"1":[0],"2":[0],"3":[0],"4":[0],"5":[0],"6":[0],"7":[0]}}
,"D:\\Facultate\\An 2\\sem 2\\MPP\\MPP-Backend\\server\\src\\controller\\reviewsController.ts": {"path":"D:\\Facultate\\An 2\\sem 2\\MPP\\MPP-Backend\\server\\src\\controller\\reviewsController.ts","statementMap":{"0":{"start":{"line":1,"column":0},"end":{"line":1,"column":23}},"1":{"start":{"line":2,"column":0},"end":{"line":2,"column":41}},"2":{"start":{"line":6,"column":26},"end":{"line":14,"column":1}},"3":{"start":{"line":7,"column":4},"end":{"line":13,"column":7}},"4":{"start":{"line":8,"column":8},"end":{"line":11,"column":9}},"5":{"start":{"line":9,"column":12},"end":{"line":9,"column":58}},"6":{"start":{"line":10,"column":12},"end":{"line":10,"column":69}},"7":{"start":{"line":12,"column":8},"end":{"line":12,"column":23}},"8":{"start":{"line":6,"column":13},"end":{"line":6,"column":26}},"9":{"start":{"line":17,"column":29},"end":{"line":29,"column":2}},"10":{"start":{"line":17,"column":67},"end":{"line":29,"column":2}},"11":{"start":{"line":18,"column":15},"end":{"line":18,"column":28}},"12":{"start":{"line":19,"column":4},"end":{"line":28,"column":7}},"13":{"start":{"line":20,"column":8},"end":{"line":23,"column":9}},"14":{"start":{"line":21,"column":12},"end":{"line":21,"column":63}},"15":{"start":{"line":22,"column":12},"end":{"line":22,"column":69}},"16":{"start":{"line":24,"column":8},"end":{"line":26,"column":9}},"17":{"start":{"line":25,"column":12},"end":{"line":25,"column":60}},"18":{"start":{"line":27,"column":8},"end":{"line":27,"column":22}},"19":{"start":{"line":17,"column":13},"end":{"line":17,"column":29}},"20":{"start":{"line":32,"column":25},"end":{"line":46,"column":2}},"21":{"start":{"line":32,"column":63},"end":{"line":46,"column":2}},"22":{"start":{"line":33,"column":43},"end":{"line":33,"column":51}},"23":{"start":{"line":34,"column":4},"end":{"line":36,"column":5}},"24":{"start":{"line":35,"column":8},"end":{"line":35,"column":72}},"25":{"start":{"line":37,"column":4},"end":{"line":45,"column":7}},"26":{"start":{"line":38,"column":8},"end":{"line":41,"column":9}},"27":{"start":{"line":39,"column":12},"end":{"line":39,"column":55}},"28":{"start":{"line":40,"column":12},"end":{"line":40,"column":69}},"29":{"start":{"line":42,"column":28},"end":{"line":42,"column":39}},"30":{"start":{"line":43,"column":26},"end":{"line":43,"column":77}},"31":{"start":{"line":44,"column":8},"end":{"line":44,"column":47}},"32":{"start":{"line":32,"column":13},"end":{"line":32,"column":25}},"33":{"start":{"line":49,"column":28},"end":{"line":61,"column":2}},"34":{"start":{"line":49,"column":66},"end":{"line":61,"column":2}},"35":{"start":{"line":50,"column":15},"end":{"line":50,"column":28}},"36":{"start":{"line":51,"column":4},"end":{"line":60,"column":7}},"37":{"start":{"line":52,"column":8},"end":{"line":55,"column":9}},"38":{"start":{"line":53,"column":12},"end":{"line":53,"column":57}},"39":{"start":{"line":54,"column":12},"end":{"line":54,"column":69}},"40":{"start":{"line":56,"column":8},"end":{"line":58,"column":9}},"41":{"start":{"line":57,"column":12},"end":{"line":57,"column":60}},"42":{"start":{"line":59,"column":8},"end":{"line":59,"column":31}},"43":{"start":{"line":49,"column":13},"end":{"line":49,"column":28}},"44":{"start":{"line":64,"column":28},"end":{"line":77,"column":2}},"45":{"start":{"line":64,"column":66},"end":{"line":77,"column":2}},"46":{"start":{"line":65,"column":15},"end":{"line":65,"column":28}},"47":{"start":{"line":66,"column":43},"end":{"line":66,"column":51}},"48":{"start":{"line":67,"column":4},"end":{"line":76,"column":7}},"49":{"start":{"line":68,"column":8},"end":{"line":71,"column":9}},"50":{"start":{"line":69,"column":12},"end":{"line":69,"column":57}},"51":{"start":{"line":70,"column":12},"end":{"line":70,"column":69}},"52":{"start":{"line":72,"column":8},"end":{"line":74,"column":9}},"53":{"start":{"line":73,"column":12},"end":{"line":73,"column":60}},"54":{"start":{"line":75,"column":8},"end":{"line":75,"column":53}},"55":{"start":{"line":64,"column":13},"end":{"line":64,"column":28}}},"fnMap":{"0":{"name":"(anonymous_8)","decl":{"start":{"line":6,"column":26},"end":{"line":6,"column":27}},"loc":{"start":{"line":6,"column":58},"end":{"line":14,"column":1}}},"1":{"name":"(anonymous_9)","decl":{"start":{"line":7,"column":36},"end":{"line":7,"column":37}},"loc":{"start":{"line":7,"column":50},"end":{"line":13,"column":5}}},"2":{"name":"(anonymous_10)","decl":{"start":{"line":17,"column":29},"end":{"line":17,"column":36}},"loc":{"start":{"line":17,"column":67},"end":{"line":29,"column":2}}},"3":{"name":"(anonymous_11)","decl":{"start":{"line":17,"column":67},"end":{"line":17,"column":null}},"loc":{"start":{"line":17,"column":67},"end":{"line":29,"column":1}}},"4":{"name":"(anonymous_12)","decl":{"start":{"line":19,"column":55},"end":{"line":19,"column":56}},"loc":{"start":{"line":19,"column":68},"end":{"line":28,"column":5}}},"5":{"name":"(anonymous_13)","decl":{"start":{"line":32,"column":25},"end":{"line":32,"column":32}},"loc":{"start":{"line":32,"column":63},"end":{"line":46,"column":2}}},"6":{"name":"(anonymous_14)","decl":{"start":{"line":32,"column":63},"end":{"line":32,"column":null}},"loc":{"start":{"line":32,"column":63},"end":{"line":46,"column":1}}},"7":{"name":"(anonymous_15)","decl":{"start":{"line":37,"column":110},"end":{"line":37,"column":119}},"loc":{"start":{"line":37,"column":122},"end":{"line":45,"column":5}}},"8":{"name":"(anonymous_16)","decl":{"start":{"line":49,"column":28},"end":{"line":49,"column":35}},"loc":{"start":{"line":49,"column":66},"end":{"line":61,"column":2}}},"9":{"name":"(anonymous_17)","decl":{"start":{"line":49,"column":66},"end":{"line":49,"column":null}},"loc":{"start":{"line":49,"column":66},"end":{"line":61,"column":1}}},"10":{"name":"(anonymous_18)","decl":{"start":{"line":51,"column":53},"end":{"line":51,"column":62}},"loc":{"start":{"line":51,"column":65},"end":{"line":60,"column":5}}},"11":{"name":"(anonymous_19)","decl":{"start":{"line":64,"column":28},"end":{"line":64,"column":35}},"loc":{"start":{"line":64,"column":66},"end":{"line":77,"column":2}}},"12":{"name":"(anonymous_20)","decl":{"start":{"line":64,"column":66},"end":{"line":64,"column":null}},"loc":{"start":{"line":64,"column":66},"end":{"line":77,"column":1}}},"13":{"name":"(anonymous_21)","decl":{"start":{"line":67,"column":119},"end":{"line":67,"column":128}},"loc":{"start":{"line":67,"column":131},"end":{"line":76,"column":5}}}},"branchMap":{"0":{"loc":{"start":{"line":8,"column":8},"end":{"line":11,"column":9}},"type":"if","locations":[{"start":{"line":8,"column":8},"end":{"line":11,"column":9}}]},"1":{"loc":{"start":{"line":20,"column":8},"end":{"line":23,"column":9}},"type":"if","locations":[{"start":{"line":20,"column":8},"end":{"line":23,"column":9}}]},"2":{"loc":{"start":{"line":24,"column":8},"end":{"line":26,"column":9}},"type":"if","locations":[{"start":{"line":24,"column":8},"end":{"line":26,"column":9}}]},"3":{"loc":{"start":{"line":34,"column":4},"end":{"line":36,"column":5}},"type":"if","locations":[{"start":{"line":34,"column":4},"end":{"line":36,"column":5}}]},"4":{"loc":{"start":{"line":34,"column":8},"end":{"line":34,"column":41}},"type":"binary-expr","locations":[{"start":{"line":34,"column":8},"end":{"line":34,"column":18}},{"start":{"line":34,"column":22},"end":{"line":34,"column":29}},{"start":{"line":34,"column":33},"end":{"line":34,"column":41}}]},"5":{"loc":{"start":{"line":38,"column":8},"end":{"line":41,"column":9}},"type":"if","locations":[{"start":{"line":38,"column":8},"end":{"line":41,"column":9}}]},"6":{"loc":{"start":{"line":52,"column":8},"end":{"line":55,"column":9}},"type":"if","locations":[{"start":{"line":52,"column":8},"end":{"line":55,"column":9}}]},"7":{"loc":{"start":{"line":56,"column":8},"end":{"line":58,"column":9}},"type":"if","locations":[{"start":{"line":56,"column":8},"end":{"line":58,"column":9}}]},"8":{"loc":{"start":{"line":68,"column":8},"end":{"line":71,"column":9}},"type":"if","locations":[{"start":{"line":68,"column":8},"end":{"line":71,"column":9}}]},"9":{"loc":{"start":{"line":72,"column":8},"end":{"line":74,"column":9}},"type":"if","locations":[{"start":{"line":72,"column":8},"end":{"line":74,"column":9}}]}},"s":{"0":1,"1":1,"2":1,"3":0,"4":0,"5":0,"6":0,"7":0,"8":1,"9":1,"10":0,"11":0,"12":0,"13":0,"14":0,"15":0,"16":0,"17":0,"18":0,"19":1,"20":1,"21":0,"22":0,"23":0,"24":0,"25":0,"26":0,"27":0,"28":0,"29":0,"30":0,"31":0,"32":1,"33":1,"34":0,"35":0,"36":0,"37":0,"38":0,"39":0,"40":0,"41":0,"42":0,"43":1,"44":1,"45":0,"46":0,"47":0,"48":0,"49":0,"50":0,"51":0,"52":0,"53":0,"54":0,"55":1},"f":{"0":0,"1":0,"2":0,"3":0,"4":0,"5":0,"6":0,"7":0,"8":0,"9":0,"10":0,"11":0,"12":0,"13":0},"b":{"0":[0],"1":[0],"2":[0],"3":[0],"4":[0,0,0],"5":[0],"6":[0],"7":[0],"8":[0],"9":[0]}}
,"D:\\Facultate\\An 2\\sem 2\\MPP\\MPP-Backend\\server\\src\\model\\monitor.ts": {"path":"D:\\Facultate\\An 2\\sem 2\\MPP\\MPP-Backend\\server\\src\\model\\monitor.ts","statementMap":{"0":{"start":{"line":9,"column":8},"end":{"line":9,"column":21}},"1":{"start":{"line":10,"column":8},"end":{"line":10,"column":27}},"2":{"start":{"line":11,"column":8},"end":{"line":11,"column":39}},"3":{"start":{"line":12,"column":8},"end":{"line":12,"column":37}},"4":{"start":{"line":16,"column":8},"end":{"line":16,"column":23}},"5":{"start":{"line":20,"column":8},"end":{"line":20,"column":24}},"6":{"start":{"line":24,"column":8},"end":{"line":24,"column":26}},"7":{"start":{"line":28,"column":8},"end":{"line":28,"column":30}},"8":{"start":{"line":32,"column":8},"end":{"line":32,"column":32}},"9":{"start":{"line":36,"column":8},"end":{"line":36,"column":42}},"10":{"start":{"line":40,"column":8},"end":{"line":40,"column":31}},"11":{"start":{"line":44,"column":8},"end":{"line":44,"column":40}},"12":{"start":{"line":1,"column":0},"end":{"line":1,"column":13}}},"fnMap":{"0":{"name":"(anonymous_0)","decl":{"start":{"line":7,"column":4},"end":{"line":7,"column":23}},"loc":{"start":{"line":7,"column":89},"end":{"line":13,"column":5}}},"1":{"name":"(anonymous_1)","decl":{"start":{"line":15,"column":11},"end":{"line":15,"column":16}},"loc":{"start":{"line":15,"column":16},"end":{"line":17,"column":5}}},"2":{"name":"(anonymous_2)","decl":{"start":{"line":19,"column":11},"end":{"line":19,"column":16}},"loc":{"start":{"line":19,"column":30},"end":{"line":21,"column":5}}},"3":{"name":"(anonymous_3)","decl":{"start":{"line":23,"column":11},"end":{"line":23,"column":19}},"loc":{"start":{"line":23,"column":19},"end":{"line":25,"column":5}}},"4":{"name":"(anonymous_4)","decl":{"start":{"line":27,"column":11},"end":{"line":27,"column":19}},"loc":{"start":{"line":27,"column":36},"end":{"line":29,"column":5}}},"5":{"name":"(anonymous_5)","decl":{"start":{"line":31,"column":11},"end":{"line":31,"column":25}},"loc":{"start":{"line":31,"column":25},"end":{"line":33,"column":5}}},"6":{"name":"(anonymous_6)","decl":{"start":{"line":35,"column":11},"end":{"line":35,"column":25}},"loc":{"start":{"line":35,"column":48},"end":{"line":37,"column":5}}},"7":{"name":"(anonymous_7)","decl":{"start":{"line":39,"column":11},"end":{"line":39,"column":24}},"loc":{"start":{"line":39,"column":24},"end":{"line":41,"column":5}}},"8":{"name":"(anonymous_8)","decl":{"start":{"line":43,"column":11},"end":{"line":43,"column":24}},"loc":{"start":{"line":43,"column":46},"end":{"line":45,"column":5}}}},"branchMap":{},"s":{"0":0,"1":0,"2":0,"3":0,"4":0,"5":0,"6":0,"7":0,"8":0,"9":0,"10":0,"11":0,"12":1},"f":{"0":0,"1":0,"2":0,"3":0,"4":0,"5":0,"6":0,"7":0,"8":0},"b":{}}
,"D:\\Facultate\\An 2\\sem 2\\MPP\\MPP-Backend\\server\\src\\model\\review.ts": {"path":"D:\\Facultate\\An 2\\sem 2\\MPP\\MPP-Backend\\server\\src\\model\\review.ts","statementMap":{"0":{"start":{"line":8,"column":8},"end":{"line":8,"column":21}},"1":{"start":{"line":9,"column":8},"end":{"line":9,"column":35}},"2":{"start":{"line":10,"column":8},"end":{"line":10,"column":29}},"3":{"start":{"line":11,"column":8},"end":{"line":11,"column":31}},"4":{"start":{"line":15,"column":8},"end":{"line":15,"column":23}},"5":{"start":{"line":19,"column":8},"end":{"line":19,"column":24}},"6":{"start":{"line":23,"column":8},"end":{"line":23,"column":30}},"7":{"start":{"line":27,"column":8},"end":{"line":27,"column":38}},"8":{"start":{"line":31,"column":8},"end":{"line":31,"column":27}},"9":{"start":{"line":35,"column":8},"end":{"line":35,"column":32}},"10":{"start":{"line":39,"column":8},"end":{"line":39,"column":28}},"11":{"start":{"line":43,"column":8},"end":{"line":43,"column":34}},"12":{"start":{"line":1,"column":0},"end":{"line":1,"column":13}}},"fnMap":{"0":{"name":"(anonymous_0)","decl":{"start":{"line":7,"column":4},"end":{"line":7,"column":16}},"loc":{"start":{"line":7,"column":78},"end":{"line":12,"column":5}}},"1":{"name":"(anonymous_1)","decl":{"start":{"line":14,"column":11},"end":{"line":14,"column":16}},"loc":{"start":{"line":14,"column":16},"end":{"line":16,"column":5}}},"2":{"name":"(anonymous_2)","decl":{"start":{"line":18,"column":11},"end":{"line":18,"column":16}},"loc":{"start":{"line":18,"column":30},"end":{"line":20,"column":5}}},"3":{"name":"(anonymous_3)","decl":{"start":{"line":22,"column":11},"end":{"line":22,"column":23}},"loc":{"start":{"line":22,"column":23},"end":{"line":24,"column":5}}},"4":{"name":"(anonymous_4)","decl":{"start":{"line":26,"column":11},"end":{"line":26,"column":23}},"loc":{"start":{"line":26,"column":44},"end":{"line":28,"column":5}}},"5":{"name":"(anonymous_5)","decl":{"start":{"line":30,"column":11},"end":{"line":30,"column":20}},"loc":{"start":{"line":30,"column":20},"end":{"line":32,"column":5}}},"6":{"name":"(anonymous_6)","decl":{"start":{"line":34,"column":11},"end":{"line":34,"column":20}},"loc":{"start":{"line":34,"column":38},"end":{"line":36,"column":5}}},"7":{"name":"(anonymous_7)","decl":{"start":{"line":38,"column":11},"end":{"line":38,"column":21}},"loc":{"start":{"line":38,"column":21},"end":{"line":40,"column":5}}},"8":{"name":"(anonymous_8)","decl":{"start":{"line":42,"column":11},"end":{"line":42,"column":21}},"loc":{"start":{"line":42,"column":40},"end":{"line":44,"column":5}}}},"branchMap":{},"s":{"0":0,"1":0,"2":0,"3":0,"4":0,"5":0,"6":0,"7":0,"8":0,"9":0,"10":0,"11":0,"12":1},"f":{"0":0,"1":0,"2":0,"3":0,"4":0,"5":0,"6":0,"7":0,"8":0},"b":{}}
,"D:\\Facultate\\An 2\\sem 2\\MPP\\MPP-Backend\\server\\src\\routers\\monitorRouters.ts": {"path":"D:\\Facultate\\An 2\\sem 2\\MPP\\MPP-Backend\\server\\src\\routers\\monitorRouters.ts","statementMap":{"0":{"start":{"line":1,"column":0},"end":{"line":1,"column":30}},"1":{"start":{"line":2,"column":0},"end":{"line":2,"column":121}},"2":{"start":{"line":3,"column":0},"end":{"line":3,"column":115}},"3":{"start":{"line":5,"column":15},"end":{"line":5,"column":31}},"4":{"start":{"line":7,"column":0},"end":{"line":7,"column":37}},"5":{"start":{"line":8,"column":0},"end":{"line":8,"column":43}},"6":{"start":{"line":9,"column":0},"end":{"line":9,"column":39}},"7":{"start":{"line":10,"column":0},"end":{"line":10,"column":46}},"8":{"start":{"line":11,"column":0},"end":{"line":11,"column":43}},"9":{"start":{"line":13,"column":0},"end":{"line":13,"column":35}},"10":{"start":{"line":14,"column":0},"end":{"line":14,"column":41}},"11":{"start":{"line":15,"column":0},"end":{"line":15,"column":37}},"12":{"start":{"line":16,"column":0},"end":{"line":16,"column":44}},"13":{"start":{"line":17,"column":0},"end":{"line":17,"column":41}},"14":{"start":{"line":19,"column":0},"end":{"line":19,"column":22}}},"fnMap":{},"branchMap":{},"s":{"0":1,"1":1,"2":1,"3":1,"4":1,"5":1,"6":1,"7":1,"8":1,"9":1,"10":1,"11":1,"12":1,"13":1,"14":1},"f":{},"b":{}}
}
